<?xml version="1.0" encoding="UTF-8"?>
<!-- Generated by org.testng.reporters.JUnitXMLReporter -->
<testsuite ignored="7" hostname="DESKTOP-SI05A67" failures="0" tests="1" name="Default test" time="8.902" errors="0" timestamp="2025-07-29T10:10:55 IST">
  <testcase classname="web.automation.tests.WishListTests" name="VerifyAddingAProductToWishListPageFromTheProductThatIsDisplayedInTheFeaturedSectionOfHomePage" time="6.46"/>
  <testcase classname="web.automation.tests.WishListTests" name="verifyNavigatingToMyWishListPageFromTheMyAccountPage" time="0.0">
    <ignored/>
  </testcase> <!-- verifyNavigatingToMyWishListPageFromTheMyAccountPage -->
  <testcase classname="web.automation.tests.WishListTests" name="verifyAddingAProductToWishListPageFromTheProductThatIsDisplayedInTheRelatedProductsSectionOfProductDisplayPage" time="0.0">
    <ignored/>
  </testcase> <!-- verifyAddingAProductToWishListPageFromTheProductThatIsDisplayedInTheRelatedProductsSectionOfProductDisplayPage -->
  <testcase classname="web.automation.tests.WishListTests" name="verifyAddingAProductToWishListPageFromTheSearchResultsPage" time="0.0">
    <ignored/>
  </testcase> <!-- verifyAddingAProductToWishListPageFromTheSearchResultsPage -->
  <testcase classname="web.automation.tests.WishListTests" name="VerifyAddingTheProductToWishListFromTheProductsDisplayedInTheCategoryOrSubCategoryPage" time="0.0">
    <ignored/>
  </testcase> <!-- VerifyAddingTheProductToWishListFromTheProductsDisplayedInTheCategoryOrSubCategoryPage -->
  <testcase classname="web.automation.tests.WishListTests" name="verifyNavigatingToMyWishListPageUsingTheWishListHeaderOption" time="0.0">
    <ignored/>
  </testcase> <!-- verifyNavigatingToMyWishListPageUsingTheWishListHeaderOption -->
  <testcase classname="web.automation.tests.WishListTests" name="verifyNavigatingToMyWishListPageFromTheFooteroptions" time="0.0">
    <ignored/>
  </testcase> <!-- verifyNavigatingToMyWishListPageFromTheFooteroptions -->
  <testcase classname="web.automation.tests.WishListTests" name="verifyNavigatingToMyWishListPageUsingTheRightColumnHeaderOptions" time="0.0">
    <ignored/>
  </testcase> <!-- verifyNavigatingToMyWishListPageUsingTheRightColumnHeaderOptions -->
</testsuite> <!-- Default test -->
