<?xml version="1.0" encoding="UTF-8"?>
<!-- Generated by org.testng.reporters.JUnitXMLReporter -->
<testsuite ignored="1" hostname="DESKTOP-SI05A67" failures="0" tests="6" name="Default test" time="21.954" errors="0" timestamp="2025-07-17T16:56:46 IST">
  <testcase classname="web.automation.tests.AddToCartTests" name="verifyAddingTheProductToCartFromProductDisplayPage" time="1.005"/>
  <testcase classname="web.automation.tests.AddToCartTests" name="verifyAddingTheProductToCartFromWishListPage" time="2.82"/>
  <testcase classname="web.automation.tests.AddToCartTests" name="verifyAddingTheProductToCartFromSearchResultsPage" time="2.919"/>
  <testcase classname="web.automation.tests.AddToCartTests" name="verifyingTheProductToCartFromTheRelatedProductsSectionOfTheProductDisplayPage" time="1.217"/>
  <testcase classname="web.automation.tests.AddToCartTests" name="verifyAddingTheProductToCartFromTheProductsDisplayedInTheCategoryOrSubcategoryPage" time="1.123"/>
  <testcase classname="web.automation.tests.AddToCartTests" name="verifyAddingTheProductToCartFromProductComparisonPage" time="1.142"/>
  <testcase classname="web.automation.tests.AddToCartTests" name="verifyAddingTheProductToCartFromTheProductsDisplayedInTheFeaturedSectionOfHomePage" time="0.0">
    <ignored/>
  </testcase> <!-- verifyAddingTheProductToCartFromTheProductsDisplayedInTheFeaturedSectionOfHomePage -->
</testsuite> <!-- Default test -->
