<?xml version="1.0" encoding="UTF-8"?>
<testng-results ignored="0" total="11" passed="11" failed="0" skipped="0">
  <reporter-output>
  </reporter-output>
  <suite started-at="2025-08-26T20:55:19 IST" name="Default suite" finished-at="2025-08-26T20:56:56 IST" duration-ms="97654">
    <groups>
      <group name="WishListPage">
        <method signature="WishListTests.verifyAddingAProductToWishListPageFromTheProductThatIsDisplayedInTheRelatedProductsSectionOfProductDisplayPage()[pri:1, instance:web.automation.tests.WishListTests@702b8b12]" name="verifyAddingAProductToWishListPageFromTheProductThatIsDisplayedInTheRelatedProductsSectionOfProductDisplayPage" class="web.automation.tests.WishListTests"/>
        <method signature="WishListTests.VerifyAddingAProductToWishListPageFromTheProductThatIsDisplayedInTheFeaturedSectionOfHomePage()[pri:2, instance:web.automation.tests.WishListTests@702b8b12]" name="VerifyAddingAProductToWishListPageFromTheProductThatIsDisplayedInTheFeaturedSectionOfHomePage" class="web.automation.tests.WishListTests"/>
        <method signature="WishListTests.VerifyAddingTheProductToWishListFromTheProductsDisplayedInTheCategoryOrSubCategoryPage()[pri:3, instance:web.automation.tests.WishListTests@702b8b12]" name="VerifyAddingTheProductToWishListFromTheProductsDisplayedInTheCategoryOrSubCategoryPage" class="web.automation.tests.WishListTests"/>
        <method signature="WishListTests.verifyAddingAProductToWishListPageFromTheSearchResultsPage()[pri:4, instance:web.automation.tests.WishListTests@702b8b12]" name="verifyAddingAProductToWishListPageFromTheSearchResultsPage" class="web.automation.tests.WishListTests"/>
        <method signature="WishListTests.verifyNavigatingToMyWishListPageUsingTheWishListHeaderOption()[pri:5, instance:web.automation.tests.WishListTests@702b8b12]" name="verifyNavigatingToMyWishListPageUsingTheWishListHeaderOption" class="web.automation.tests.WishListTests"/>
        <method signature="WishListTests.verifyNavigatingToMyWishListPageFromTheFooteroptions()[pri:8, instance:web.automation.tests.WishListTests@702b8b12]" name="verifyNavigatingToMyWishListPageFromTheFooteroptions" class="web.automation.tests.WishListTests"/>
        <method signature="WishListTests.verifyTheMyWishListPageWhenThereAreNoProductsAdded()[pri:9, instance:web.automation.tests.WishListTests@702b8b12]" name="verifyTheMyWishListPageWhenThereAreNoProductsAdded" class="web.automation.tests.WishListTests"/>
        <method signature="WishListTests.verifyTheMyWishListPageWhenOnlyOneProductIsAddedToIt()[pri:10, instance:web.automation.tests.WishListTests@702b8b12]" name="verifyTheMyWishListPageWhenOnlyOneProductIsAddedToIt" class="web.automation.tests.WishListTests"/>
        <method signature="WishListTests.verifyTheRemovingTheProductFromMyWishListPage()[pri:11, instance:web.automation.tests.WishListTests@702b8b12]" name="verifyTheRemovingTheProductFromMyWishListPage" class="web.automation.tests.WishListTests"/>
        <method signature="WishListTests.verifyAddingTheProductToCartFromTheMyWishListPage()[pri:12, instance:web.automation.tests.WishListTests@702b8b12]" name="verifyAddingTheProductToCartFromTheMyWishListPage" class="web.automation.tests.WishListTests"/>
        <method signature="WishListTests.verifyAddingTheMultipleProductsToTheMyWishListPage()[pri:13, instance:web.automation.tests.WishListTests@702b8b12]" name="verifyAddingTheMultipleProductsToTheMyWishListPage" class="web.automation.tests.WishListTests"/>
      </group> <!-- WishListPage -->
    </groups>
    <test started-at="2025-08-26T20:55:19 IST" name="Default test" finished-at="2025-08-26T20:56:56 IST" duration-ms="97654">
      <class name="web.automation.tests.WishListTests">
        <test-method is-config="true" signature="initiateDriver()[pri:0, instance:web.automation.tests.WishListTests@702b8b12]" started-at="2025-08-26T20:55:19 IST" name="initiateDriver" finished-at="2025-08-26T20:55:21 IST" duration-ms="2061" status="PASS">
          <reporter-output>
          </reporter-output>
        </test-method> <!-- initiateDriver -->
        <test-method signature="verifyAddingAProductToWishListPageFromTheProductThatIsDisplayedInTheRelatedProductsSectionOfProductDisplayPage()[pri:1, instance:web.automation.tests.WishListTests@702b8b12]" started-at="2025-08-26T20:55:21 IST" name="verifyAddingAProductToWishListPageFromTheProductThatIsDisplayedInTheRelatedProductsSectionOfProductDisplayPage" finished-at="2025-08-26T20:55:28 IST" duration-ms="7710" status="PASS">
          <reporter-output>
          </reporter-output>
        </test-method> <!-- verifyAddingAProductToWishListPageFromTheProductThatIsDisplayedInTheRelatedProductsSectionOfProductDisplayPage -->
        <test-method is-config="true" signature="quitDriver(org.testng.ITestResult)[pri:0, instance:web.automation.tests.WishListTests@702b8b12]" started-at="2025-08-26T20:55:28 IST" name="quitDriver" finished-at="2025-08-26T20:55:29 IST" duration-ms="257" status="PASS">
          <params>
            <param index="0">
              <value>
                <![CDATA[[TestResult name=verifyAddingAProductToWishListPageFromTheProductThatIsDisplayedInTheRelatedProductsSectionOfProductDisplayPage status=SUCCESS method=WishListTests.verifyAddingAProductToWishListPageFromTheProductThatIsDisplayedInTheRelatedProductsSectionOfProductDisplayPage()[pri:1, instance:web.automation.tests.WishListTests@702b8b12] output={null}]]]>
              </value>
            </param>
          </params>
          <reporter-output>
          </reporter-output>
        </test-method> <!-- quitDriver -->
        <test-method is-config="true" signature="initiateDriver()[pri:0, instance:web.automation.tests.WishListTests@702b8b12]" started-at="2025-08-26T20:55:29 IST" name="initiateDriver" finished-at="2025-08-26T20:55:30 IST" duration-ms="1683" status="PASS">
          <reporter-output>
          </reporter-output>
        </test-method> <!-- initiateDriver -->
        <test-method signature="VerifyAddingAProductToWishListPageFromTheProductThatIsDisplayedInTheFeaturedSectionOfHomePage()[pri:2, instance:web.automation.tests.WishListTests@702b8b12]" started-at="2025-08-26T20:55:30 IST" name="VerifyAddingAProductToWishListPageFromTheProductThatIsDisplayedInTheFeaturedSectionOfHomePage" finished-at="2025-08-26T20:55:37 IST" duration-ms="6606" status="PASS">
          <reporter-output>
          </reporter-output>
        </test-method> <!-- VerifyAddingAProductToWishListPageFromTheProductThatIsDisplayedInTheFeaturedSectionOfHomePage -->
        <test-method is-config="true" signature="quitDriver(org.testng.ITestResult)[pri:0, instance:web.automation.tests.WishListTests@702b8b12]" started-at="2025-08-26T20:55:37 IST" name="quitDriver" finished-at="2025-08-26T20:55:37 IST" duration-ms="265" status="PASS">
          <params>
            <param index="0">
              <value>
                <![CDATA[[TestResult name=VerifyAddingAProductToWishListPageFromTheProductThatIsDisplayedInTheFeaturedSectionOfHomePage status=SUCCESS method=WishListTests.VerifyAddingAProductToWishListPageFromTheProductThatIsDisplayedInTheFeaturedSectionOfHomePage()[pri:2, instance:web.automation.tests.WishListTests@702b8b12] output={null}]]]>
              </value>
            </param>
          </params>
          <reporter-output>
          </reporter-output>
        </test-method> <!-- quitDriver -->
        <test-method is-config="true" signature="initiateDriver()[pri:0, instance:web.automation.tests.WishListTests@702b8b12]" started-at="2025-08-26T20:55:37 IST" name="initiateDriver" finished-at="2025-08-26T20:55:39 IST" duration-ms="1682" status="PASS">
          <reporter-output>
          </reporter-output>
        </test-method> <!-- initiateDriver -->
        <test-method signature="VerifyAddingTheProductToWishListFromTheProductsDisplayedInTheCategoryOrSubCategoryPage()[pri:3, instance:web.automation.tests.WishListTests@702b8b12]" started-at="2025-08-26T20:55:39 IST" name="VerifyAddingTheProductToWishListFromTheProductsDisplayedInTheCategoryOrSubCategoryPage" finished-at="2025-08-26T20:55:46 IST" duration-ms="7273" status="PASS">
          <reporter-output>
          </reporter-output>
        </test-method> <!-- VerifyAddingTheProductToWishListFromTheProductsDisplayedInTheCategoryOrSubCategoryPage -->
        <test-method is-config="true" signature="quitDriver(org.testng.ITestResult)[pri:0, instance:web.automation.tests.WishListTests@702b8b12]" started-at="2025-08-26T20:55:46 IST" name="quitDriver" finished-at="2025-08-26T20:55:46 IST" duration-ms="222" status="PASS">
          <params>
            <param index="0">
              <value>
                <![CDATA[[TestResult name=VerifyAddingTheProductToWishListFromTheProductsDisplayedInTheCategoryOrSubCategoryPage status=SUCCESS method=WishListTests.VerifyAddingTheProductToWishListFromTheProductsDisplayedInTheCategoryOrSubCategoryPage()[pri:3, instance:web.automation.tests.WishListTests@702b8b12] output={null}]]]>
              </value>
            </param>
          </params>
          <reporter-output>
          </reporter-output>
        </test-method> <!-- quitDriver -->
        <test-method is-config="true" signature="initiateDriver()[pri:0, instance:web.automation.tests.WishListTests@702b8b12]" started-at="2025-08-26T20:55:46 IST" name="initiateDriver" finished-at="2025-08-26T20:55:48 IST" duration-ms="1691" status="PASS">
          <reporter-output>
          </reporter-output>
        </test-method> <!-- initiateDriver -->
        <test-method signature="verifyAddingAProductToWishListPageFromTheSearchResultsPage()[pri:4, instance:web.automation.tests.WishListTests@702b8b12]" started-at="2025-08-26T20:55:48 IST" name="verifyAddingAProductToWishListPageFromTheSearchResultsPage" finished-at="2025-08-26T20:55:55 IST" duration-ms="6683" status="PASS">
          <reporter-output>
          </reporter-output>
        </test-method> <!-- verifyAddingAProductToWishListPageFromTheSearchResultsPage -->
        <test-method is-config="true" signature="quitDriver(org.testng.ITestResult)[pri:0, instance:web.automation.tests.WishListTests@702b8b12]" started-at="2025-08-26T20:55:55 IST" name="quitDriver" finished-at="2025-08-26T20:55:55 IST" duration-ms="240" status="PASS">
          <params>
            <param index="0">
              <value>
                <![CDATA[[TestResult name=verifyAddingAProductToWishListPageFromTheSearchResultsPage status=SUCCESS method=WishListTests.verifyAddingAProductToWishListPageFromTheSearchResultsPage()[pri:4, instance:web.automation.tests.WishListTests@702b8b12] output={null}]]]>
              </value>
            </param>
          </params>
          <reporter-output>
          </reporter-output>
        </test-method> <!-- quitDriver -->
        <test-method is-config="true" signature="initiateDriver()[pri:0, instance:web.automation.tests.WishListTests@702b8b12]" started-at="2025-08-26T20:55:55 IST" name="initiateDriver" finished-at="2025-08-26T20:55:57 IST" duration-ms="1644" status="PASS">
          <reporter-output>
          </reporter-output>
        </test-method> <!-- initiateDriver -->
        <test-method signature="verifyNavigatingToMyWishListPageUsingTheWishListHeaderOption()[pri:5, instance:web.automation.tests.WishListTests@702b8b12]" started-at="2025-08-26T20:55:57 IST" name="verifyNavigatingToMyWishListPageUsingTheWishListHeaderOption" finished-at="2025-08-26T20:56:04 IST" duration-ms="7010" status="PASS">
          <reporter-output>
          </reporter-output>
        </test-method> <!-- verifyNavigatingToMyWishListPageUsingTheWishListHeaderOption -->
        <test-method is-config="true" signature="quitDriver(org.testng.ITestResult)[pri:0, instance:web.automation.tests.WishListTests@702b8b12]" started-at="2025-08-26T20:56:04 IST" name="quitDriver" finished-at="2025-08-26T20:56:04 IST" duration-ms="232" status="PASS">
          <params>
            <param index="0">
              <value>
                <![CDATA[[TestResult name=verifyNavigatingToMyWishListPageUsingTheWishListHeaderOption status=SUCCESS method=WishListTests.verifyNavigatingToMyWishListPageUsingTheWishListHeaderOption()[pri:5, instance:web.automation.tests.WishListTests@702b8b12] output={null}]]]>
              </value>
            </param>
          </params>
          <reporter-output>
          </reporter-output>
        </test-method> <!-- quitDriver -->
        <test-method is-config="true" signature="initiateDriver()[pri:0, instance:web.automation.tests.WishListTests@702b8b12]" started-at="2025-08-26T20:56:04 IST" name="initiateDriver" finished-at="2025-08-26T20:56:06 IST" duration-ms="1669" status="PASS">
          <reporter-output>
          </reporter-output>
        </test-method> <!-- initiateDriver -->
        <test-method signature="verifyNavigatingToMyWishListPageFromTheFooteroptions()[pri:8, instance:web.automation.tests.WishListTests@702b8b12]" started-at="2025-08-26T20:56:06 IST" name="verifyNavigatingToMyWishListPageFromTheFooteroptions" finished-at="2025-08-26T20:56:12 IST" duration-ms="6736" status="PASS">
          <reporter-output>
          </reporter-output>
        </test-method> <!-- verifyNavigatingToMyWishListPageFromTheFooteroptions -->
        <test-method is-config="true" signature="quitDriver(org.testng.ITestResult)[pri:0, instance:web.automation.tests.WishListTests@702b8b12]" started-at="2025-08-26T20:56:12 IST" name="quitDriver" finished-at="2025-08-26T20:56:13 IST" duration-ms="238" status="PASS">
          <params>
            <param index="0">
              <value>
                <![CDATA[[TestResult name=verifyNavigatingToMyWishListPageFromTheFooteroptions status=SUCCESS method=WishListTests.verifyNavigatingToMyWishListPageFromTheFooteroptions()[pri:8, instance:web.automation.tests.WishListTests@702b8b12] output={null}]]]>
              </value>
            </param>
          </params>
          <reporter-output>
          </reporter-output>
        </test-method> <!-- quitDriver -->
        <test-method is-config="true" signature="initiateDriver()[pri:0, instance:web.automation.tests.WishListTests@702b8b12]" started-at="2025-08-26T20:56:13 IST" name="initiateDriver" finished-at="2025-08-26T20:56:14 IST" duration-ms="1578" status="PASS">
          <reporter-output>
          </reporter-output>
        </test-method> <!-- initiateDriver -->
        <test-method signature="verifyTheMyWishListPageWhenThereAreNoProductsAdded()[pri:9, instance:web.automation.tests.WishListTests@702b8b12]" started-at="2025-08-26T20:56:14 IST" name="verifyTheMyWishListPageWhenThereAreNoProductsAdded" finished-at="2025-08-26T20:56:16 IST" duration-ms="1478" status="PASS">
          <reporter-output>
          </reporter-output>
        </test-method> <!-- verifyTheMyWishListPageWhenThereAreNoProductsAdded -->
        <test-method is-config="true" signature="quitDriver(org.testng.ITestResult)[pri:0, instance:web.automation.tests.WishListTests@702b8b12]" started-at="2025-08-26T20:56:16 IST" name="quitDriver" finished-at="2025-08-26T20:56:16 IST" duration-ms="209" status="PASS">
          <params>
            <param index="0">
              <value>
                <![CDATA[[TestResult name=verifyTheMyWishListPageWhenThereAreNoProductsAdded status=SUCCESS method=WishListTests.verifyTheMyWishListPageWhenThereAreNoProductsAdded()[pri:9, instance:web.automation.tests.WishListTests@702b8b12] output={null}]]]>
              </value>
            </param>
          </params>
          <reporter-output>
          </reporter-output>
        </test-method> <!-- quitDriver -->
        <test-method is-config="true" signature="initiateDriver()[pri:0, instance:web.automation.tests.WishListTests@702b8b12]" started-at="2025-08-26T20:56:16 IST" name="initiateDriver" finished-at="2025-08-26T20:56:18 IST" duration-ms="1767" status="PASS">
          <reporter-output>
          </reporter-output>
        </test-method> <!-- initiateDriver -->
        <test-method signature="verifyTheMyWishListPageWhenOnlyOneProductIsAddedToIt()[pri:10, instance:web.automation.tests.WishListTests@702b8b12]" started-at="2025-08-26T20:56:18 IST" name="verifyTheMyWishListPageWhenOnlyOneProductIsAddedToIt" finished-at="2025-08-26T20:56:25 IST" duration-ms="7080" status="PASS">
          <reporter-output>
          </reporter-output>
        </test-method> <!-- verifyTheMyWishListPageWhenOnlyOneProductIsAddedToIt -->
        <test-method is-config="true" signature="quitDriver(org.testng.ITestResult)[pri:0, instance:web.automation.tests.WishListTests@702b8b12]" started-at="2025-08-26T20:56:25 IST" name="quitDriver" finished-at="2025-08-26T20:56:25 IST" duration-ms="224" status="PASS">
          <params>
            <param index="0">
              <value>
                <![CDATA[[TestResult name=verifyTheMyWishListPageWhenOnlyOneProductIsAddedToIt status=SUCCESS method=WishListTests.verifyTheMyWishListPageWhenOnlyOneProductIsAddedToIt()[pri:10, instance:web.automation.tests.WishListTests@702b8b12] output={null}]]]>
              </value>
            </param>
          </params>
          <reporter-output>
          </reporter-output>
        </test-method> <!-- quitDriver -->
        <test-method is-config="true" signature="initiateDriver()[pri:0, instance:web.automation.tests.WishListTests@702b8b12]" started-at="2025-08-26T20:56:25 IST" name="initiateDriver" finished-at="2025-08-26T20:56:27 IST" duration-ms="1610" status="PASS">
          <reporter-output>
          </reporter-output>
        </test-method> <!-- initiateDriver -->
        <test-method signature="verifyTheRemovingTheProductFromMyWishListPage()[pri:11, instance:web.automation.tests.WishListTests@702b8b12]" started-at="2025-08-26T20:56:27 IST" name="verifyTheRemovingTheProductFromMyWishListPage" finished-at="2025-08-26T20:56:34 IST" duration-ms="7055" status="PASS">
          <reporter-output>
          </reporter-output>
        </test-method> <!-- verifyTheRemovingTheProductFromMyWishListPage -->
        <test-method is-config="true" signature="quitDriver(org.testng.ITestResult)[pri:0, instance:web.automation.tests.WishListTests@702b8b12]" started-at="2025-08-26T20:56:34 IST" name="quitDriver" finished-at="2025-08-26T20:56:34 IST" duration-ms="224" status="PASS">
          <params>
            <param index="0">
              <value>
                <![CDATA[[TestResult name=verifyTheRemovingTheProductFromMyWishListPage status=SUCCESS method=WishListTests.verifyTheRemovingTheProductFromMyWishListPage()[pri:11, instance:web.automation.tests.WishListTests@702b8b12] output={null}]]]>
              </value>
            </param>
          </params>
          <reporter-output>
          </reporter-output>
        </test-method> <!-- quitDriver -->
        <test-method is-config="true" signature="initiateDriver()[pri:0, instance:web.automation.tests.WishListTests@702b8b12]" started-at="2025-08-26T20:56:34 IST" name="initiateDriver" finished-at="2025-08-26T20:56:35 IST" duration-ms="1672" status="PASS">
          <reporter-output>
          </reporter-output>
        </test-method> <!-- initiateDriver -->
        <test-method signature="verifyAddingTheProductToCartFromTheMyWishListPage()[pri:12, instance:web.automation.tests.WishListTests@702b8b12]" started-at="2025-08-26T20:56:35 IST" name="verifyAddingTheProductToCartFromTheMyWishListPage" finished-at="2025-08-26T20:56:43 IST" duration-ms="7039" status="PASS">
          <reporter-output>
          </reporter-output>
        </test-method> <!-- verifyAddingTheProductToCartFromTheMyWishListPage -->
        <test-method is-config="true" signature="quitDriver(org.testng.ITestResult)[pri:0, instance:web.automation.tests.WishListTests@702b8b12]" started-at="2025-08-26T20:56:43 IST" name="quitDriver" finished-at="2025-08-26T20:56:43 IST" duration-ms="212" status="PASS">
          <params>
            <param index="0">
              <value>
                <![CDATA[[TestResult name=verifyAddingTheProductToCartFromTheMyWishListPage status=SUCCESS method=WishListTests.verifyAddingTheProductToCartFromTheMyWishListPage()[pri:12, instance:web.automation.tests.WishListTests@702b8b12] output={null}]]]>
              </value>
            </param>
          </params>
          <reporter-output>
          </reporter-output>
        </test-method> <!-- quitDriver -->
        <test-method is-config="true" signature="initiateDriver()[pri:0, instance:web.automation.tests.WishListTests@702b8b12]" started-at="2025-08-26T20:56:43 IST" name="initiateDriver" finished-at="2025-08-26T20:56:44 IST" duration-ms="1710" status="PASS">
          <reporter-output>
          </reporter-output>
        </test-method> <!-- initiateDriver -->
        <test-method signature="verifyAddingTheMultipleProductsToTheMyWishListPage()[pri:13, instance:web.automation.tests.WishListTests@702b8b12]" started-at="2025-08-26T20:56:44 IST" name="verifyAddingTheMultipleProductsToTheMyWishListPage" finished-at="2025-08-26T20:56:56 IST" duration-ms="11469" status="PASS">
          <reporter-output>
          </reporter-output>
        </test-method> <!-- verifyAddingTheMultipleProductsToTheMyWishListPage -->
        <test-method is-config="true" signature="quitDriver(org.testng.ITestResult)[pri:0, instance:web.automation.tests.WishListTests@702b8b12]" started-at="2025-08-26T20:56:56 IST" name="quitDriver" finished-at="2025-08-26T20:56:56 IST" duration-ms="336" status="PASS">
          <params>
            <param index="0">
              <value>
                <![CDATA[[TestResult name=verifyAddingTheMultipleProductsToTheMyWishListPage status=SUCCESS method=WishListTests.verifyAddingTheMultipleProductsToTheMyWishListPage()[pri:13, instance:web.automation.tests.WishListTests@702b8b12] output={null}]]]>
              </value>
            </param>
          </params>
          <reporter-output>
          </reporter-output>
        </test-method> <!-- quitDriver -->
      </class> <!-- web.automation.tests.WishListTests -->
    </test> <!-- Default test -->
  </suite> <!-- Default suite -->
</testng-results>
