<?xml version="1.0" encoding="UTF-8"?>
<testng-results ignored="0" total="6" passed="6" failed="0" skipped="0">
  <reporter-output>
  </reporter-output>
  <suite started-at="2025-07-17T16:56:24 IST" name="Default suite" finished-at="2025-07-17T16:56:46 IST" duration-ms="21954">
    <groups>
    </groups>
    <test started-at="2025-07-17T16:56:24 IST" name="Default test" finished-at="2025-07-17T16:56:46 IST" duration-ms="21954">
      <class name="web.automation.tests.AddToCartTests">
        <test-method is-config="true" signature="initiateDriver()[pri:0, instance:web.automation.tests.AddToCartTests@35d019a3]" started-at="2025-07-17T16:56:24 IST" name="initiateDriver" finished-at="2025-07-17T16:56:26 IST" duration-ms="2131" status="PASS">
          <reporter-output>
          </reporter-output>
        </test-method> <!-- initiateDriver -->
        <test-method signature="verifyAddingTheProductToCartFromProductDisplayPage()[pri:1, instance:web.automation.tests.AddToCartTests@35d019a3]" started-at="2025-07-17T16:56:26 IST" name="verifyAddingTheProductToCartFromProductDisplayPage" finished-at="2025-07-17T16:56:27 IST" duration-ms="1005" status="PASS">
          <reporter-output>
          </reporter-output>
        </test-method> <!-- verifyAddingTheProductToCartFromProductDisplayPage -->
        <test-method is-config="true" signature="quitDriver()[pri:0, instance:web.automation.tests.AddToCartTests@35d019a3]" started-at="2025-07-17T16:56:27 IST" name="quitDriver" finished-at="2025-07-17T16:56:28 IST" duration-ms="197" status="PASS">
          <reporter-output>
          </reporter-output>
        </test-method> <!-- quitDriver -->
        <test-method is-config="true" signature="initiateDriver()[pri:0, instance:web.automation.tests.AddToCartTests@35d019a3]" started-at="2025-07-17T16:56:28 IST" name="initiateDriver" finished-at="2025-07-17T16:56:29 IST" duration-ms="1636" status="PASS">
          <reporter-output>
          </reporter-output>
        </test-method> <!-- initiateDriver -->
        <test-method signature="verifyAddingTheProductToCartFromWishListPage()[pri:2, instance:web.automation.tests.AddToCartTests@35d019a3]" started-at="2025-07-17T16:56:29 IST" name="verifyAddingTheProductToCartFromWishListPage" finished-at="2025-07-17T16:56:32 IST" duration-ms="2820" status="PASS">
          <reporter-output>
          </reporter-output>
        </test-method> <!-- verifyAddingTheProductToCartFromWishListPage -->
        <test-method is-config="true" signature="quitDriver()[pri:0, instance:web.automation.tests.AddToCartTests@35d019a3]" started-at="2025-07-17T16:56:32 IST" name="quitDriver" finished-at="2025-07-17T16:56:32 IST" duration-ms="197" status="PASS">
          <reporter-output>
          </reporter-output>
        </test-method> <!-- quitDriver -->
        <test-method is-config="true" signature="initiateDriver()[pri:0, instance:web.automation.tests.AddToCartTests@35d019a3]" started-at="2025-07-17T16:56:32 IST" name="initiateDriver" finished-at="2025-07-17T16:56:34 IST" duration-ms="1663" status="PASS">
          <reporter-output>
          </reporter-output>
        </test-method> <!-- initiateDriver -->
        <test-method signature="verifyAddingTheProductToCartFromSearchResultsPage()[pri:3, instance:web.automation.tests.AddToCartTests@35d019a3]" started-at="2025-07-17T16:56:34 IST" name="verifyAddingTheProductToCartFromSearchResultsPage" finished-at="2025-07-17T16:56:37 IST" duration-ms="2919" status="PASS">
          <reporter-output>
          </reporter-output>
        </test-method> <!-- verifyAddingTheProductToCartFromSearchResultsPage -->
        <test-method is-config="true" signature="quitDriver()[pri:0, instance:web.automation.tests.AddToCartTests@35d019a3]" started-at="2025-07-17T16:56:37 IST" name="quitDriver" finished-at="2025-07-17T16:56:37 IST" duration-ms="174" status="PASS">
          <reporter-output>
          </reporter-output>
        </test-method> <!-- quitDriver -->
        <test-method is-config="true" signature="initiateDriver()[pri:0, instance:web.automation.tests.AddToCartTests@35d019a3]" started-at="2025-07-17T16:56:37 IST" name="initiateDriver" finished-at="2025-07-17T16:56:39 IST" duration-ms="1769" status="PASS">
          <reporter-output>
          </reporter-output>
        </test-method> <!-- initiateDriver -->
        <test-method signature="verifyingTheProductToCartFromTheRelatedProductsSectionOfTheProductDisplayPage()[pri:4, instance:web.automation.tests.AddToCartTests@35d019a3]" started-at="2025-07-17T16:56:39 IST" name="verifyingTheProductToCartFromTheRelatedProductsSectionOfTheProductDisplayPage" finished-at="2025-07-17T16:56:40 IST" duration-ms="1217" status="PASS">
          <reporter-output>
          </reporter-output>
        </test-method> <!-- verifyingTheProductToCartFromTheRelatedProductsSectionOfTheProductDisplayPage -->
        <test-method is-config="true" signature="quitDriver()[pri:0, instance:web.automation.tests.AddToCartTests@35d019a3]" started-at="2025-07-17T16:56:40 IST" name="quitDriver" finished-at="2025-07-17T16:56:40 IST" duration-ms="175" status="PASS">
          <reporter-output>
          </reporter-output>
        </test-method> <!-- quitDriver -->
        <test-method is-config="true" signature="initiateDriver()[pri:0, instance:web.automation.tests.AddToCartTests@35d019a3]" started-at="2025-07-17T16:56:40 IST" name="initiateDriver" finished-at="2025-07-17T16:56:42 IST" duration-ms="1741" status="PASS">
          <reporter-output>
          </reporter-output>
        </test-method> <!-- initiateDriver -->
        <test-method signature="verifyAddingTheProductToCartFromTheProductsDisplayedInTheCategoryOrSubcategoryPage()[pri:5, instance:web.automation.tests.AddToCartTests@35d019a3]" started-at="2025-07-17T16:56:42 IST" name="verifyAddingTheProductToCartFromTheProductsDisplayedInTheCategoryOrSubcategoryPage" finished-at="2025-07-17T16:56:43 IST" duration-ms="1123" status="PASS">
          <reporter-output>
          </reporter-output>
        </test-method> <!-- verifyAddingTheProductToCartFromTheProductsDisplayedInTheCategoryOrSubcategoryPage -->
        <test-method is-config="true" signature="quitDriver()[pri:0, instance:web.automation.tests.AddToCartTests@35d019a3]" started-at="2025-07-17T16:56:43 IST" name="quitDriver" finished-at="2025-07-17T16:56:43 IST" duration-ms="184" status="PASS">
          <reporter-output>
          </reporter-output>
        </test-method> <!-- quitDriver -->
        <test-method is-config="true" signature="initiateDriver()[pri:0, instance:web.automation.tests.AddToCartTests@35d019a3]" started-at="2025-07-17T16:56:43 IST" name="initiateDriver" finished-at="2025-07-17T16:56:45 IST" duration-ms="1609" status="PASS">
          <reporter-output>
          </reporter-output>
        </test-method> <!-- initiateDriver -->
        <test-method signature="verifyAddingTheProductToCartFromProductComparisonPage()[pri:7, instance:web.automation.tests.AddToCartTests@35d019a3]" started-at="2025-07-17T16:56:45 IST" name="verifyAddingTheProductToCartFromProductComparisonPage" finished-at="2025-07-17T16:56:46 IST" duration-ms="1142" status="PASS">
          <reporter-output>
          </reporter-output>
        </test-method> <!-- verifyAddingTheProductToCartFromProductComparisonPage -->
        <test-method is-config="true" signature="quitDriver()[pri:0, instance:web.automation.tests.AddToCartTests@35d019a3]" started-at="2025-07-17T16:56:46 IST" name="quitDriver" finished-at="2025-07-17T16:56:46 IST" duration-ms="186" status="PASS">
          <reporter-output>
          </reporter-output>
        </test-method> <!-- quitDriver -->
      </class> <!-- web.automation.tests.AddToCartTests -->
    </test> <!-- Default test -->
  </suite> <!-- Default suite -->
</testng-results>
